# JRE version: OpenJDK Runtime Environment (11.0.2+9) (build 11.0.2+9)
# Java VM: OpenJDK 64-Bit Server VM (11.0.2+9, mixed mode, tiered, compressed oops, g1 gc, windows-amd64)
Heap:
 garbage-first heap   total 295936K, used 217538K [0x0000000740000000, 0x0000000800000000)
  region size 1024K, 45 young (46080K), 5 survivors (5120K)
 Metaspace       used 86747K, capacity 88791K, committed 88968K, reserved 1126400K
  class space    used 12179K, capacity 13089K, committed 13184K, reserved 1048576K
GC Heap History (10 events):
Event: 64.452 GC heap before
{Heap before GC invocations=43 (full 2):
 garbage-first heap   total 295936K, used 233240K [0x0000000740000000, 0x0000000800000000)
  region size 1024K, 60 young (61440K), 2 survivors (2048K)
 Metaspace       used 84015K, capacity 85998K, committed 86152K, reserved 1122304K
  class space    used 11720K, capacity 12634K, committed 12672K, reserved 1048576K
}
Event: 64.455 GC heap after
{Heap after GC invocations=44 (full 2):
 garbage-first heap   total 295936K, used 173690K [0x0000000740000000, 0x0000000800000000)
  region size 1024K, 2 young (2048K), 2 survivors (2048K)
 Metaspace       used 84015K, capacity 85998K, committed 86152K, reserved 1122304K
  class space    used 11720K, capacity 12634K, committed 12672K, reserved 1048576K
}
Event: 239.089 GC heap before
{Heap before GC invocations=45 (full 2):
 garbage-first heap   total 295936K, used 233082K [0x0000000740000000, 0x0000000800000000)
  region size 1024K, 60 young (61440K), 2 survivors (2048K)
 Metaspace       used 84314K, capacity 86292K, committed 86408K, reserved 1124352K
  class space    used 11756K, capacity 12668K, committed 12672K, reserved 1048576K
}
Event: 239.091 GC heap after
{Heap after GC invocations=46 (full 2):
 garbage-first heap   total 295936K, used 174208K [0x0000000740000000, 0x0000000800000000)
  region size 1024K, 2 young (2048K), 2 survivors (2048K)
 Metaspace       used 84314K, capacity 86292K, committed 86408K, reserved 1124352K
  class space    used 11756K, capacity 12668K, committed 12672K, reserved 1048576K
}
Event: 239.379 GC heap before
{Heap before GC invocations=46 (full 2):
 garbage-first heap   total 295936K, used 220288K [0x0000000740000000, 0x0000000800000000)
  region size 1024K, 48 young (49152K), 2 survivors (2048K)
 Metaspace       used 84739K, capacity 86767K, committed 87048K, reserved 1124352K
  class space    used 11834K, capacity 12741K, committed 12800K, reserved 1048576K
}
Event: 239.382 GC heap after
{Heap after GC invocations=47 (full 2):
 garbage-first heap   total 295936K, used 174629K [0x0000000740000000, 0x0000000800000000)
  region size 1024K, 2 young (2048K), 2 survivors (2048K)
 Metaspace       used 84739K, capacity 86767K, committed 87048K, reserved 1124352K
  class space    used 11834K, capacity 12741K, committed 12800K, reserved 1048576K
}
Event: 242.409 GC heap before
{Heap before GC invocations=48 (full 2):
 garbage-first heap   total 295936K, used 236069K [0x0000000740000000, 0x0000000800000000)
  region size 1024K, 60 young (61440K), 2 survivors (2048K)
 Metaspace       used 86443K, capacity 88497K, committed 88584K, reserved 1124352K
  class space    used 12131K, capacity 13055K, committed 13056K, reserved 1048576K
}
Event: 242.413 GC heap after
{Heap after GC invocations=49 (full 2):
 garbage-first heap   total 295936K, used 177688K [0x0000000740000000, 0x0000000800000000)
  region size 1024K, 5 young (5120K), 5 survivors (5120K)
 Metaspace       used 86443K, capacity 88497K, committed 88584K, reserved 1124352K
  class space    used 12131K, capacity 13055K, committed 13056K, reserved 1048576K
}
Event: 242.701 GC heap before
{Heap before GC invocations=49 (full 2):
 garbage-first heap   total 295936K, used 234008K [0x0000000740000000, 0x0000000800000000)
  region size 1024K, 60 young (61440K), 5 survivors (5120K)
 Metaspace       used 86497K, capacity 88503K, committed 88712K, reserved 1124352K
  class space    used 12135K, capacity 13057K, committed 13184K, reserved 1048576K
}
Event: 242.707 GC heap after
{Heap after GC invocations=50 (full 2):
 garbage-first heap   total 295936K, used 177602K [0x0000000740000000, 0x0000000800000000)
  region size 1024K, 5 young (5120K), 5 survivors (5120K)
 Metaspace       used 86497K, capacity 88503K, committed 88712K, reserved 1124352K
  class space    used 12135K, capacity 13057K, committed 13184K, reserved 1048576K
}

