# JRE version: OpenJDK Runtime Environment (11.0.2+9) (build 11.0.2+9)
# Java VM: OpenJDK 64-Bit Server VM (11.0.2+9, mixed mode, tiered, compressed oops, g1 gc, windows-amd64)
Heap:
 garbage-first heap   total 324608K, used 266706K [0x0000000740000000, 0x0000000800000000)
  region size 1024K, 40 young (40960K), 5 survivors (5120K)
 Metaspace       used 102791K, capacity 105621K, committed 105864K, reserved 1140736K
  class space    used 14198K, capacity 15488K, committed 15488K, reserved 1048576K
GC Heap History (10 events):
Event: 665.627 GC heap before
{Heap before GC invocations=119 (full 10):
 garbage-first heap   total 324608K, used 279317K [0x0000000740000000, 0x0000000800000000)
  region size 1024K, 60 young (61440K), 4 survivors (4096K)
 Metaspace       used 102665K, capacity 105524K, committed 105608K, reserved 1140736K
  class space    used 14195K, capacity 15484K, committed 15488K, reserved 1048576K
}
Event: 665.632 GC heap after
{Heap after GC invocations=120 (full 10):
 garbage-first heap   total 324608K, used 215425K [0x0000000740000000, 0x0000000800000000)
  region size 1024K, 6 young (6144K), 6 survivors (6144K)
 Metaspace       used 102665K, capacity 105524K, committed 105608K, reserved 1140736K
  class space    used 14195K, capacity 15484K, committed 15488K, reserved 1048576K
}
Event: 668.233 GC heap before
{Heap before GC invocations=120 (full 10):
 garbage-first heap   total 324608K, used 251265K [0x0000000740000000, 0x0000000800000000)
  region size 1024K, 42 young (43008K), 6 survivors (6144K)
 Metaspace       used 102694K, capacity 105542K, committed 105608K, reserved 1140736K
  class space    used 14197K, capacity 15488K, committed 15488K, reserved 1048576K
}
Event: 668.237 GC heap after
{Heap after GC invocations=121 (full 10):
 garbage-first heap   total 324608K, used 214542K [0x0000000740000000, 0x0000000800000000)
  region size 1024K, 3 young (3072K), 3 survivors (3072K)
 Metaspace       used 102694K, capacity 105542K, committed 105608K, reserved 1140736K
  class space    used 14197K, capacity 15488K, committed 15488K, reserved 1048576K
}
Event: 692.246 GC heap before
{Heap before GC invocations=122 (full 10):
 garbage-first heap   total 324608K, used 270862K [0x0000000740000000, 0x0000000800000000)
  region size 1024K, 51 young (52224K), 3 survivors (3072K)
 Metaspace       used 102742K, capacity 105620K, committed 105864K, reserved 1140736K
  class space    used 14197K, capacity 15488K, committed 15488K, reserved 1048576K
}
Event: 692.250 GC heap after
{Heap after GC invocations=123 (full 10):
 garbage-first heap   total 324608K, used 222430K [0x0000000740000000, 0x0000000800000000)
  region size 1024K, 3 young (3072K), 3 survivors (3072K)
 Metaspace       used 102742K, capacity 105620K, committed 105864K, reserved 1140736K
  class space    used 14197K, capacity 15488K, committed 15488K, reserved 1048576K
}
Event: 734.436 GC heap before
{Heap before GC invocations=124 (full 10):
 garbage-first heap   total 324608K, used 287966K [0x0000000740000000, 0x0000000800000000)
  region size 1024K, 60 young (61440K), 3 survivors (3072K)
 Metaspace       used 102777K, capacity 105621K, committed 105864K, reserved 1140736K
  class space    used 14198K, capacity 15488K, committed 15488K, reserved 1048576K
}
Event: 734.439 GC heap after
{Heap after GC invocations=125 (full 10):
 garbage-first heap   total 324608K, used 223980K [0x0000000740000000, 0x0000000800000000)
  region size 1024K, 5 young (5120K), 5 survivors (5120K)
 Metaspace       used 102777K, capacity 105621K, committed 105864K, reserved 1140736K
  class space    used 14198K, capacity 15488K, committed 15488K, reserved 1048576K
}
Event: 736.263 GC heap before
{Heap before GC invocations=125 (full 10):
 garbage-first heap   total 324608K, used 233196K [0x0000000740000000, 0x0000000800000000)
  region size 1024K, 15 young (15360K), 5 survivors (5120K)
 Metaspace       used 102782K, capacity 105621K, committed 105864K, reserved 1140736K
  class space    used 14198K, capacity 15488K, committed 15488K, reserved 1048576K
}
Event: 736.268 GC heap after
{Heap after GC invocations=126 (full 10):
 garbage-first heap   total 324608K, used 224722K [0x0000000740000000, 0x0000000800000000)
  region size 1024K, 5 young (5120K), 5 survivors (5120K)
 Metaspace       used 102782K, capacity 105621K, committed 105864K, reserved 1140736K
  class space    used 14198K, capacity 15488K, committed 15488K, reserved 1048576K
}

