# JRE version: OpenJDK Runtime Environment (11.0.2+9) (build 11.0.2+9)
# Java VM: OpenJDK 64-Bit Server VM (11.0.2+9, mixed mode, tiered, compressed oops, g1 gc, windows-amd64)
Heap:
 garbage-first heap   total 326656K, used 234750K [0x0000000740000000, 0x0000000800000000)
  region size 1024K, 6 young (6144K), 4 survivors (4096K)
 Metaspace       used 92810K, capacity 95300K, committed 95444K, reserved 1130496K
  class space    used 12603K, capacity 13718K, committed 13772K, reserved 1048576K
GC Heap History (10 events):
Event: 999.594 GC heap before
{Heap before GC invocations=181 (full 8):
 garbage-first heap   total 326656K, used 289360K [0x0000000740000000, 0x0000000800000000)
  region size 1024K, 60 young (61440K), 4 survivors (4096K)
 Metaspace       used 92645K, capacity 95140K, committed 95444K, reserved 1130496K
  class space    used 12570K, capacity 13686K, committed 13772K, reserved 1048576K
}
Event: 999.597 GC heap after
{Heap after GC invocations=182 (full 8):
 garbage-first heap   total 326656K, used 232178K [0x0000000740000000, 0x0000000800000000)
  region size 1024K, 4 young (4096K), 4 survivors (4096K)
 Metaspace       used 92645K, capacity 95140K, committed 95444K, reserved 1130496K
  class space    used 12570K, capacity 13686K, committed 13772K, reserved 1048576K
}
Event: 999.830 GC heap before
{Heap before GC invocations=182 (full 8):
 garbage-first heap   total 326656K, used 289522K [0x0000000740000000, 0x0000000800000000)
  region size 1024K, 60 young (61440K), 4 survivors (4096K)
 Metaspace       used 92645K, capacity 95140K, committed 95444K, reserved 1130496K
  class space    used 12570K, capacity 13686K, committed 13772K, reserved 1048576K
}
Event: 999.833 GC heap after
{Heap after GC invocations=183 (full 8):
 garbage-first heap   total 326656K, used 232295K [0x0000000740000000, 0x0000000800000000)
  region size 1024K, 5 young (5120K), 5 survivors (5120K)
 Metaspace       used 92645K, capacity 95140K, committed 95444K, reserved 1130496K
  class space    used 12570K, capacity 13686K, committed 13772K, reserved 1048576K
}
Event: 1000.151 GC heap before
{Heap before GC invocations=183 (full 8):
 garbage-first heap   total 326656K, used 288615K [0x0000000740000000, 0x0000000800000000)
  region size 1024K, 60 young (61440K), 5 survivors (5120K)
 Metaspace       used 92646K, capacity 95140K, committed 95444K, reserved 1130496K
  class space    used 12570K, capacity 13686K, committed 13772K, reserved 1048576K
}
Event: 1000.154 GC heap after
{Heap after GC invocations=184 (full 8):
 garbage-first heap   total 326656K, used 232537K [0x0000000740000000, 0x0000000800000000)
  region size 1024K, 5 young (5120K), 5 survivors (5120K)
 Metaspace       used 92646K, capacity 95140K, committed 95444K, reserved 1130496K
  class space    used 12570K, capacity 13686K, committed 13772K, reserved 1048576K
}
Event: 1000.409 GC heap before
{Heap before GC invocations=184 (full 8):
 garbage-first heap   total 326656K, used 288857K [0x0000000740000000, 0x0000000800000000)
  region size 1024K, 60 young (61440K), 5 survivors (5120K)
 Metaspace       used 92663K, capacity 95140K, committed 95444K, reserved 1130496K
  class space    used 12570K, capacity 13686K, committed 13772K, reserved 1048576K
}
Event: 1000.411 GC heap after
{Heap after GC invocations=185 (full 8):
 garbage-first heap   total 326656K, used 233150K [0x0000000740000000, 0x0000000800000000)
  region size 1024K, 3 young (3072K), 3 survivors (3072K)
 Metaspace       used 92663K, capacity 95140K, committed 95444K, reserved 1130496K
  class space    used 12570K, capacity 13686K, committed 13772K, reserved 1048576K
}
Event: 1000.767 GC heap before
{Heap before GC invocations=185 (full 8):
 garbage-first heap   total 326656K, used 291518K [0x0000000740000000, 0x0000000800000000)
  region size 1024K, 60 young (61440K), 3 survivors (3072K)
 Metaspace       used 92749K, capacity 95236K, committed 95444K, reserved 1130496K
  class space    used 12587K, capacity 13718K, committed 13772K, reserved 1048576K
}
Event: 1000.770 GC heap after
{Heap after GC invocations=186 (full 8):
 garbage-first heap   total 326656K, used 233726K [0x0000000740000000, 0x0000000800000000)
  region size 1024K, 4 young (4096K), 4 survivors (4096K)
 Metaspace       used 92749K, capacity 95236K, committed 95444K, reserved 1130496K
  class space    used 12587K, capacity 13718K, committed 13772K, reserved 1048576K
}

