# JRE version: OpenJDK Runtime Environment (11.0.2+9) (build 11.0.2+9)
# Java VM: OpenJDK 64-Bit Server VM (11.0.2+9, mixed mode, tiered, compressed oops, g1 gc, windows-amd64)
Heap:
 garbage-first heap   total 322560K, used 246948K [0x0000000740000000, 0x0000000800000000)
  region size 1024K, 30 young (30720K), 5 survivors (5120K)
 Metaspace       used 104797K, capacity 107971K, committed 108164K, reserved 1142784K
  class space    used 14442K, capacity 15878K, committed 15924K, reserved 1048576K
GC Heap History (10 events):
Event: 581.884 GC heap before
{Heap before GC invocations=113 (full 6):
 garbage-first heap   total 322560K, used 275040K [0x0000000740000000, 0x0000000800000000)
  region size 1024K, 60 young (61440K), 4 survivors (4096K)
 Metaspace       used 104448K, capacity 107585K, committed 107652K, reserved 1140736K
  class space    used 14442K, capacity 15878K, committed 15924K, reserved 1048576K
}
Event: 581.888 GC heap after
{Heap after GC invocations=114 (full 6):
 garbage-first heap   total 322560K, used 219544K [0x0000000740000000, 0x0000000800000000)
  region size 1024K, 5 young (5120K), 5 survivors (5120K)
 Metaspace       used 104448K, capacity 107585K, committed 107652K, reserved 1140736K
  class space    used 14442K, capacity 15878K, committed 15924K, reserved 1048576K
}
Event: 593.690 GC heap before
{Heap before GC invocations=114 (full 6):
 garbage-first heap   total 322560K, used 275864K [0x0000000740000000, 0x0000000800000000)
  region size 1024K, 60 young (61440K), 5 survivors (5120K)
 Metaspace       used 104481K, capacity 107649K, committed 107908K, reserved 1140736K
  class space    used 14442K, capacity 15878K, committed 15924K, reserved 1048576K
}
Event: 593.696 GC heap after
{Heap after GC invocations=115 (full 6):
 garbage-first heap   total 322560K, used 220260K [0x0000000740000000, 0x0000000800000000)
  region size 1024K, 5 young (5120K), 5 survivors (5120K)
 Metaspace       used 104481K, capacity 107649K, committed 107908K, reserved 1140736K
  class space    used 14442K, capacity 15878K, committed 15924K, reserved 1048576K
}
Event: 609.820 GC heap before
{Heap before GC invocations=116 (full 6):
 garbage-first heap   total 322560K, used 275556K [0x0000000740000000, 0x0000000800000000)
  region size 1024K, 60 young (61440K), 5 survivors (5120K)
 Metaspace       used 104531K, capacity 107713K, committed 107908K, reserved 1140736K
  class space    used 14442K, capacity 15878K, committed 15924K, reserved 1048576K
}
Event: 609.825 GC heap after
{Heap after GC invocations=117 (full 6):
 garbage-first heap   total 322560K, used 220954K [0x0000000740000000, 0x0000000800000000)
  region size 1024K, 6 young (6144K), 6 survivors (6144K)
 Metaspace       used 104531K, capacity 107713K, committed 107908K, reserved 1140736K
  class space    used 14442K, capacity 15878K, committed 15924K, reserved 1048576K
}
Event: 622.712 GC heap before
{Heap before GC invocations=117 (full 6):
 garbage-first heap   total 322560K, used 276250K [0x0000000740000000, 0x0000000800000000)
  region size 1024K, 60 young (61440K), 6 survivors (6144K)
 Metaspace       used 104599K, capacity 107777K, committed 107908K, reserved 1140736K
  class space    used 14442K, capacity 15878K, committed 15924K, reserved 1048576K
}
Event: 622.717 GC heap after
{Heap after GC invocations=118 (full 6):
 garbage-first heap   total 322560K, used 221882K [0x0000000740000000, 0x0000000800000000)
  region size 1024K, 6 young (6144K), 6 survivors (6144K)
 Metaspace       used 104599K, capacity 107777K, committed 107908K, reserved 1140736K
  class space    used 14442K, capacity 15878K, committed 15924K, reserved 1048576K
}
Event: 629.267 GC heap before
{Heap before GC invocations=119 (full 6):
 garbage-first heap   total 322560K, used 277178K [0x0000000740000000, 0x0000000800000000)
  region size 1024K, 60 young (61440K), 6 survivors (6144K)
 Metaspace       used 104765K, capacity 107970K, committed 108164K, reserved 1142784K
  class space    used 14442K, capacity 15878K, committed 15924K, reserved 1048576K
}
Event: 629.272 GC heap after
{Heap after GC invocations=120 (full 6):
 garbage-first heap   total 322560K, used 222372K [0x0000000740000000, 0x0000000800000000)
  region size 1024K, 5 young (5120K), 5 survivors (5120K)
 Metaspace       used 104765K, capacity 107970K, committed 108164K, reserved 1142784K
  class space    used 14442K, capacity 15878K, committed 15924K, reserved 1048576K
}

